[2025-10-20T19:02:04.789+0000] {local_task_job_runner.py:120} INFO - ::group::Pre task execution logs
[2025-10-20T19:02:04.810+0000] {taskinstance.py:2076} INFO - Dependencies all met for dep_context=non-requeueable deps ti=<TaskInstance: minio_to_snowflake.load_snowflake manual__2025-10-20T18:53:24.530168+00:00 [queued]>
[2025-10-20T19:02:04.815+0000] {taskinstance.py:2076} INFO - Dependencies all met for dep_context=requeueable deps ti=<TaskInstance: minio_to_snowflake.load_snowflake manual__2025-10-20T18:53:24.530168+00:00 [queued]>
[2025-10-20T19:02:04.816+0000] {taskinstance.py:2306} INFO - Starting attempt 1 of 2
[2025-10-20T19:02:04.824+0000] {taskinstance.py:2330} INFO - Executing <Task(PythonOperator): load_snowflake> on 2025-10-20 18:53:24.530168+00:00
[2025-10-20T19:02:04.830+0000] {standard_task_runner.py:90} INFO - Running: ['***', 'tasks', 'run', 'minio_to_snowflake', 'load_snowflake', 'manual__2025-10-20T18:53:24.530168+00:00', '--job-id', '50', '--raw', '--subdir', 'DAGS_FOLDER/minio_to_snowflake.py', '--cfg-path', '/tmp/tmpj3nt6nm8']
[2025-10-20T19:02:04.832+0000] {standard_task_runner.py:91} INFO - Job 50: Subtask load_snowflake
[2025-10-20T19:02:04.832+0000] {logging_mixin.py:188} WARNING - /home/***/.local/lib/python3.12/site-packages/***/task/task_runner/standard_task_runner.py:62 DeprecationWarning: This process (pid=31416) is multi-threaded, use of fork() may lead to deadlocks in the child.
[2025-10-20T19:02:04.834+0000] {standard_task_runner.py:64} INFO - Started process 31426 to run task
[2025-10-20T19:02:04.869+0000] {task_command.py:426} INFO - Running <TaskInstance: minio_to_snowflake.load_snowflake manual__2025-10-20T18:53:24.530168+00:00 [running]> on host 247b7821f06b
[2025-10-20T19:02:04.932+0000] {taskinstance.py:2648} INFO - Exporting env vars: AIRFLOW_CTX_DAG_EMAIL='jupudimanoj74@gmail.com' AIRFLOW_CTX_DAG_OWNER='***' AIRFLOW_CTX_DAG_ID='minio_to_snowflake' AIRFLOW_CTX_TASK_ID='load_snowflake' AIRFLOW_CTX_EXECUTION_DATE='2025-10-20T18:53:24.530168+00:00' AIRFLOW_CTX_TRY_NUMBER='1' AIRFLOW_CTX_DAG_RUN_ID='manual__2025-10-20T18:53:24.530168+00:00'
[2025-10-20T19:02:04.933+0000] {taskinstance.py:430} INFO - ::endgroup::
[2025-10-20T19:02:04.952+0000] {connection.py:408} INFO - Snowflake Connector for Python Version: 3.11.0, Python Version: 3.12.4, Platform: Linux-6.10.14-linuxkit-aarch64-with-glibc2.36
[2025-10-20T19:02:04.953+0000] {connection.py:1258} INFO - This connection is in OCSP Fail Open Mode. TLS Certificates would be checked for validity and revocation status. Any other Certificate Revocation related exceptions or OCSP Responder failures would be disregarded in favor of connectivity.
[2025-10-20T19:02:06.628+0000] {logging_mixin.py:188} INFO - Uploaded /tmp/minio_downloads/1760974267.json to Snowflake stage
[2025-10-20T19:02:06.791+0000] {logging_mixin.py:188} INFO - Uploaded /tmp/minio_downloads/1760974274.json to Snowflake stage
[2025-10-20T19:02:06.935+0000] {logging_mixin.py:188} INFO - Uploaded /tmp/minio_downloads/1760974282.json to Snowflake stage
[2025-10-20T19:02:07.089+0000] {logging_mixin.py:188} INFO - Uploaded /tmp/minio_downloads/1760974289.json to Snowflake stage
[2025-10-20T19:02:07.243+0000] {logging_mixin.py:188} INFO - Uploaded /tmp/minio_downloads/1760974296.json to Snowflake stage
[2025-10-20T19:02:07.396+0000] {logging_mixin.py:188} INFO - Uploaded /tmp/minio_downloads/1760974303.json to Snowflake stage
[2025-10-20T19:02:07.559+0000] {logging_mixin.py:188} INFO - Uploaded /tmp/minio_downloads/1760974311.json to Snowflake stage
[2025-10-20T19:02:07.725+0000] {logging_mixin.py:188} INFO - Uploaded /tmp/minio_downloads/1760974318.json to Snowflake stage
[2025-10-20T19:02:07.873+0000] {logging_mixin.py:188} INFO - Uploaded /tmp/minio_downloads/1760974325.json to Snowflake stage
[2025-10-20T19:02:07.988+0000] {logging_mixin.py:188} INFO - Uploaded /tmp/minio_downloads/1760976264.json to Snowflake stage
[2025-10-20T19:02:08.143+0000] {logging_mixin.py:188} INFO - Uploaded /tmp/minio_downloads/1760976271.json to Snowflake stage
[2025-10-20T19:02:08.293+0000] {logging_mixin.py:188} INFO - Uploaded /tmp/minio_downloads/1760976279.json to Snowflake stage
[2025-10-20T19:02:08.457+0000] {logging_mixin.py:188} INFO - Uploaded /tmp/minio_downloads/1760976286.json to Snowflake stage
[2025-10-20T19:02:08.596+0000] {logging_mixin.py:188} INFO - Uploaded /tmp/minio_downloads/1760976293.json to Snowflake stage
[2025-10-20T19:02:08.804+0000] {logging_mixin.py:188} INFO - Uploaded /tmp/minio_downloads/1760976300.json to Snowflake stage
[2025-10-20T19:02:08.958+0000] {logging_mixin.py:188} INFO - Uploaded /tmp/minio_downloads/1760976308.json to Snowflake stage
[2025-10-20T19:02:09.078+0000] {logging_mixin.py:188} INFO - Uploaded /tmp/minio_downloads/1760976315.json to Snowflake stage
[2025-10-20T19:02:09.205+0000] {logging_mixin.py:188} INFO - Uploaded /tmp/minio_downloads/1760976322.json to Snowflake stage
[2025-10-20T19:02:09.349+0000] {logging_mixin.py:188} INFO - Uploaded /tmp/minio_downloads/1760976329.json to Snowflake stage
[2025-10-20T19:02:09.498+0000] {logging_mixin.py:188} INFO - Uploaded /tmp/minio_downloads/1760976336.json to Snowflake stage
[2025-10-20T19:02:09.620+0000] {logging_mixin.py:188} INFO - Uploaded /tmp/minio_downloads/1760976343.json to Snowflake stage
[2025-10-20T19:02:09.754+0000] {logging_mixin.py:188} INFO - Uploaded /tmp/minio_downloads/1760976351.json to Snowflake stage
[2025-10-20T19:02:09.874+0000] {logging_mixin.py:188} INFO - Uploaded /tmp/minio_downloads/1760976358.json to Snowflake stage
[2025-10-20T19:02:10.002+0000] {logging_mixin.py:188} INFO - Uploaded /tmp/minio_downloads/1760976365.json to Snowflake stage
[2025-10-20T19:02:10.134+0000] {logging_mixin.py:188} INFO - Uploaded /tmp/minio_downloads/1760976372.json to Snowflake stage
[2025-10-20T19:02:10.356+0000] {logging_mixin.py:188} INFO - Uploaded /tmp/minio_downloads/1760976379.json to Snowflake stage
[2025-10-20T19:02:10.498+0000] {logging_mixin.py:188} INFO - Uploaded /tmp/minio_downloads/1760976386.json to Snowflake stage
[2025-10-20T19:02:10.684+0000] {logging_mixin.py:188} INFO - Uploaded /tmp/minio_downloads/1760976393.json to Snowflake stage
[2025-10-20T19:02:10.825+0000] {logging_mixin.py:188} INFO - Uploaded /tmp/minio_downloads/1760976401.json to Snowflake stage
[2025-10-20T19:02:10.988+0000] {logging_mixin.py:188} INFO - Uploaded /tmp/minio_downloads/1760976408.json to Snowflake stage
[2025-10-20T19:02:11.137+0000] {logging_mixin.py:188} INFO - Uploaded /tmp/minio_downloads/1760976415.json to Snowflake stage
[2025-10-20T19:02:11.292+0000] {logging_mixin.py:188} INFO - Uploaded /tmp/minio_downloads/1760976422.json to Snowflake stage
[2025-10-20T19:02:11.424+0000] {logging_mixin.py:188} INFO - Uploaded /tmp/minio_downloads/1760976429.json to Snowflake stage
[2025-10-20T19:02:11.556+0000] {logging_mixin.py:188} INFO - Uploaded /tmp/minio_downloads/1760976436.json to Snowflake stage
[2025-10-20T19:02:11.692+0000] {logging_mixin.py:188} INFO - Uploaded /tmp/minio_downloads/1760976444.json to Snowflake stage
[2025-10-20T19:02:11.819+0000] {logging_mixin.py:188} INFO - Uploaded /tmp/minio_downloads/1760976451.json to Snowflake stage
[2025-10-20T19:02:11.978+0000] {logging_mixin.py:188} INFO - Uploaded /tmp/minio_downloads/1760976458.json to Snowflake stage
[2025-10-20T19:02:12.100+0000] {logging_mixin.py:188} INFO - Uploaded /tmp/minio_downloads/1760976465.json to Snowflake stage
[2025-10-20T19:02:12.230+0000] {logging_mixin.py:188} INFO - Uploaded /tmp/minio_downloads/1760976472.json to Snowflake stage
[2025-10-20T19:02:12.351+0000] {logging_mixin.py:188} INFO - Uploaded /tmp/minio_downloads/1760976480.json to Snowflake stage
[2025-10-20T19:02:12.535+0000] {logging_mixin.py:188} INFO - Uploaded /tmp/minio_downloads/1760976487.json to Snowflake stage
[2025-10-20T19:02:12.657+0000] {logging_mixin.py:188} INFO - Uploaded /tmp/minio_downloads/1760976494.json to Snowflake stage
[2025-10-20T19:02:12.831+0000] {logging_mixin.py:188} INFO - Uploaded /tmp/minio_downloads/1760976501.json to Snowflake stage
[2025-10-20T19:02:12.948+0000] {logging_mixin.py:188} INFO - Uploaded /tmp/minio_downloads/1760976508.json to Snowflake stage
[2025-10-20T19:02:13.106+0000] {logging_mixin.py:188} INFO - Uploaded /tmp/minio_downloads/1760976516.json to Snowflake stage
[2025-10-20T19:02:13.246+0000] {logging_mixin.py:188} INFO - Uploaded /tmp/minio_downloads/1760976523.json to Snowflake stage
[2025-10-20T19:02:13.419+0000] {logging_mixin.py:188} INFO - Uploaded /tmp/minio_downloads/1760976530.json to Snowflake stage
[2025-10-20T19:02:13.562+0000] {logging_mixin.py:188} INFO - Uploaded /tmp/minio_downloads/1760976537.json to Snowflake stage
[2025-10-20T19:02:13.726+0000] {logging_mixin.py:188} INFO - Uploaded /tmp/minio_downloads/1760976544.json to Snowflake stage
[2025-10-20T19:02:13.841+0000] {logging_mixin.py:188} INFO - Uploaded /tmp/minio_downloads/1760976551.json to Snowflake stage
[2025-10-20T19:02:13.995+0000] {logging_mixin.py:188} INFO - Uploaded /tmp/minio_downloads/1760976559.json to Snowflake stage
[2025-10-20T19:02:14.111+0000] {logging_mixin.py:188} INFO - Uploaded /tmp/minio_downloads/1760976566.json to Snowflake stage
[2025-10-20T19:02:14.268+0000] {logging_mixin.py:188} INFO - Uploaded /tmp/minio_downloads/1760976573.json to Snowflake stage
[2025-10-20T19:02:14.408+0000] {logging_mixin.py:188} INFO - Uploaded /tmp/minio_downloads/1760976580.json to Snowflake stage
[2025-10-20T19:02:14.534+0000] {logging_mixin.py:188} INFO - Uploaded /tmp/minio_downloads/1760976587.json to Snowflake stage
[2025-10-20T19:02:14.703+0000] {logging_mixin.py:188} INFO - Uploaded /tmp/minio_downloads/1760976594.json to Snowflake stage
[2025-10-20T19:02:14.854+0000] {logging_mixin.py:188} INFO - Uploaded /tmp/minio_downloads/1760976601.json to Snowflake stage
[2025-10-20T19:02:14.987+0000] {logging_mixin.py:188} INFO - Uploaded /tmp/minio_downloads/1760976609.json to Snowflake stage
[2025-10-20T19:02:15.117+0000] {logging_mixin.py:188} INFO - Uploaded /tmp/minio_downloads/1760976616.json to Snowflake stage
[2025-10-20T19:02:15.226+0000] {logging_mixin.py:188} INFO - Uploaded /tmp/minio_downloads/1760976623.json to Snowflake stage
[2025-10-20T19:02:15.351+0000] {logging_mixin.py:188} INFO - Uploaded /tmp/minio_downloads/1760976630.json to Snowflake stage
[2025-10-20T19:02:15.475+0000] {logging_mixin.py:188} INFO - Uploaded /tmp/minio_downloads/1760976638.json to Snowflake stage
[2025-10-20T19:02:15.602+0000] {logging_mixin.py:188} INFO - Uploaded /tmp/minio_downloads/1760976645.json to Snowflake stage
[2025-10-20T19:02:15.733+0000] {logging_mixin.py:188} INFO - Uploaded /tmp/minio_downloads/1760976652.json to Snowflake stage
[2025-10-20T19:02:15.845+0000] {logging_mixin.py:188} INFO - Uploaded /tmp/minio_downloads/1760976660.json to Snowflake stage
[2025-10-20T19:02:15.967+0000] {logging_mixin.py:188} INFO - Uploaded /tmp/minio_downloads/1760976667.json to Snowflake stage
[2025-10-20T19:02:16.100+0000] {logging_mixin.py:188} INFO - Uploaded /tmp/minio_downloads/1760976674.json to Snowflake stage
[2025-10-20T19:02:16.276+0000] {logging_mixin.py:188} INFO - Uploaded /tmp/minio_downloads/1760976681.json to Snowflake stage
[2025-10-20T19:02:16.399+0000] {logging_mixin.py:188} INFO - Uploaded /tmp/minio_downloads/1760976689.json to Snowflake stage
[2025-10-20T19:02:16.515+0000] {logging_mixin.py:188} INFO - Uploaded /tmp/minio_downloads/1760976696.json to Snowflake stage
[2025-10-20T19:02:16.648+0000] {logging_mixin.py:188} INFO - Uploaded /tmp/minio_downloads/1760976703.json to Snowflake stage
[2025-10-20T19:02:16.775+0000] {logging_mixin.py:188} INFO - Uploaded /tmp/minio_downloads/1760976710.json to Snowflake stage
[2025-10-20T19:02:16.934+0000] {logging_mixin.py:188} INFO - Uploaded /tmp/minio_downloads/1760976718.json to Snowflake stage
[2025-10-20T19:02:17.068+0000] {logging_mixin.py:188} INFO - Uploaded /tmp/minio_downloads/1760976725.json to Snowflake stage
[2025-10-20T19:02:17.193+0000] {logging_mixin.py:188} INFO - Uploaded /tmp/minio_downloads/1760976732.json to Snowflake stage
[2025-10-20T19:02:17.322+0000] {logging_mixin.py:188} INFO - Uploaded /tmp/minio_downloads/1760976739.json to Snowflake stage
[2025-10-20T19:02:17.456+0000] {logging_mixin.py:188} INFO - Uploaded /tmp/minio_downloads/1760976746.json to Snowflake stage
[2025-10-20T19:02:17.593+0000] {logging_mixin.py:188} INFO - Uploaded /tmp/minio_downloads/1760976754.json to Snowflake stage
[2025-10-20T19:02:17.729+0000] {logging_mixin.py:188} INFO - Uploaded /tmp/minio_downloads/1760976761.json to Snowflake stage
[2025-10-20T19:02:17.901+0000] {logging_mixin.py:188} INFO - Uploaded /tmp/minio_downloads/1760976768.json to Snowflake stage
[2025-10-20T19:02:18.079+0000] {logging_mixin.py:188} INFO - Uploaded /tmp/minio_downloads/1760976776.json to Snowflake stage
[2025-10-20T19:02:18.216+0000] {logging_mixin.py:188} INFO - Uploaded /tmp/minio_downloads/1760976783.json to Snowflake stage
[2025-10-20T19:02:18.325+0000] {logging_mixin.py:188} INFO - Uploaded /tmp/minio_downloads/1760976790.json to Snowflake stage
[2025-10-20T19:02:18.442+0000] {logging_mixin.py:188} INFO - Uploaded /tmp/minio_downloads/1760976798.json to Snowflake stage
[2025-10-20T19:02:18.561+0000] {logging_mixin.py:188} INFO - Uploaded /tmp/minio_downloads/1760976805.json to Snowflake stage
[2025-10-20T19:02:18.684+0000] {logging_mixin.py:188} INFO - Uploaded /tmp/minio_downloads/1760976812.json to Snowflake stage
[2025-10-20T19:02:18.808+0000] {logging_mixin.py:188} INFO - Uploaded /tmp/minio_downloads/1760976819.json to Snowflake stage
[2025-10-20T19:02:18.939+0000] {logging_mixin.py:188} INFO - Uploaded /tmp/minio_downloads/1760976826.json to Snowflake stage
[2025-10-20T19:02:19.059+0000] {logging_mixin.py:188} INFO - Uploaded /tmp/minio_downloads/1760976833.json to Snowflake stage
[2025-10-20T19:02:19.207+0000] {logging_mixin.py:188} INFO - Uploaded /tmp/minio_downloads/1760976841.json to Snowflake stage
[2025-10-20T19:02:19.324+0000] {logging_mixin.py:188} INFO - Uploaded /tmp/minio_downloads/1760976848.json to Snowflake stage
[2025-10-20T19:02:19.456+0000] {logging_mixin.py:188} INFO - Uploaded /tmp/minio_downloads/1760976855.json to Snowflake stage
[2025-10-20T19:02:19.582+0000] {logging_mixin.py:188} INFO - Uploaded /tmp/minio_downloads/1760976863.json to Snowflake stage
[2025-10-20T19:02:19.708+0000] {logging_mixin.py:188} INFO - Uploaded /tmp/minio_downloads/1760976870.json to Snowflake stage
[2025-10-20T19:02:19.834+0000] {logging_mixin.py:188} INFO - Uploaded /tmp/minio_downloads/1760976877.json to Snowflake stage
[2025-10-20T19:02:19.962+0000] {logging_mixin.py:188} INFO - Uploaded /tmp/minio_downloads/1760976885.json to Snowflake stage
[2025-10-20T19:02:20.081+0000] {logging_mixin.py:188} INFO - Uploaded /tmp/minio_downloads/1760976892.json to Snowflake stage
[2025-10-20T19:02:20.205+0000] {logging_mixin.py:188} INFO - Uploaded /tmp/minio_downloads/1760976899.json to Snowflake stage
[2025-10-20T19:02:20.337+0000] {logging_mixin.py:188} INFO - Uploaded /tmp/minio_downloads/1760976906.json to Snowflake stage
[2025-10-20T19:02:20.468+0000] {logging_mixin.py:188} INFO - Uploaded /tmp/minio_downloads/1760976914.json to Snowflake stage
[2025-10-20T19:02:20.741+0000] {logging_mixin.py:188} INFO - Uploaded /tmp/minio_downloads/1760976921.json to Snowflake stage
[2025-10-20T19:02:20.859+0000] {logging_mixin.py:188} INFO - Uploaded /tmp/minio_downloads/1760976928.json to Snowflake stage
[2025-10-20T19:02:20.985+0000] {logging_mixin.py:188} INFO - Uploaded /tmp/minio_downloads/1760976936.json to Snowflake stage
[2025-10-20T19:02:21.117+0000] {logging_mixin.py:188} INFO - Uploaded /tmp/minio_downloads/1760976943.json to Snowflake stage
[2025-10-20T19:02:21.244+0000] {logging_mixin.py:188} INFO - Uploaded /tmp/minio_downloads/1760976951.json to Snowflake stage
[2025-10-20T19:02:21.371+0000] {logging_mixin.py:188} INFO - Uploaded /tmp/minio_downloads/1760976958.json to Snowflake stage
[2025-10-20T19:02:21.545+0000] {logging_mixin.py:188} INFO - Uploaded /tmp/minio_downloads/1760976967.json to Snowflake stage
[2025-10-20T19:02:21.666+0000] {logging_mixin.py:188} INFO - Uploaded /tmp/minio_downloads/1760976978.json to Snowflake stage
[2025-10-20T19:02:21.799+0000] {logging_mixin.py:188} INFO - Uploaded /tmp/minio_downloads/1760976985.json to Snowflake stage
[2025-10-20T19:02:21.921+0000] {logging_mixin.py:188} INFO - Uploaded /tmp/minio_downloads/1760976992.json to Snowflake stage
[2025-10-20T19:02:22.043+0000] {logging_mixin.py:188} INFO - Uploaded /tmp/minio_downloads/1760976999.json to Snowflake stage
[2025-10-20T19:02:22.170+0000] {logging_mixin.py:188} INFO - Uploaded /tmp/minio_downloads/1760977007.json to Snowflake stage
[2025-10-20T19:02:22.315+0000] {logging_mixin.py:188} INFO - Uploaded /tmp/minio_downloads/1760977014.json to Snowflake stage
[2025-10-20T19:02:22.444+0000] {logging_mixin.py:188} INFO - Uploaded /tmp/minio_downloads/1760977022.json to Snowflake stage
[2025-10-20T19:02:22.592+0000] {logging_mixin.py:188} INFO - Uploaded /tmp/minio_downloads/1760977030.json to Snowflake stage
[2025-10-20T19:02:22.993+0000] {logging_mixin.py:188} INFO - Uploaded /tmp/minio_downloads/1760977038.json to Snowflake stage
[2025-10-20T19:02:23.113+0000] {logging_mixin.py:188} INFO - Uploaded /tmp/minio_downloads/1760977045.json to Snowflake stage
[2025-10-20T19:02:23.256+0000] {logging_mixin.py:188} INFO - Uploaded /tmp/minio_downloads/1760977054.json to Snowflake stage
[2025-10-20T19:02:23.628+0000] {logging_mixin.py:188} INFO - Uploaded /tmp/minio_downloads/1760977061.json to Snowflake stage
[2025-10-20T19:02:23.743+0000] {logging_mixin.py:188} INFO - Uploaded /tmp/minio_downloads/1760977069.json to Snowflake stage
[2025-10-20T19:02:23.894+0000] {logging_mixin.py:188} INFO - Uploaded /tmp/minio_downloads/1760977077.json to Snowflake stage
[2025-10-20T19:02:24.069+0000] {logging_mixin.py:188} INFO - Uploaded /tmp/minio_downloads/1760977084.json to Snowflake stage
[2025-10-20T19:02:24.203+0000] {logging_mixin.py:188} INFO - Uploaded /tmp/minio_downloads/1760977091.json to Snowflake stage
[2025-10-20T19:02:24.326+0000] {logging_mixin.py:188} INFO - Uploaded /tmp/minio_downloads/1760977099.json to Snowflake stage
[2025-10-20T19:02:24.450+0000] {logging_mixin.py:188} INFO - Uploaded /tmp/minio_downloads/1760977106.json to Snowflake stage
[2025-10-20T19:02:24.581+0000] {logging_mixin.py:188} INFO - Uploaded /tmp/minio_downloads/1760977113.json to Snowflake stage
[2025-10-20T19:02:24.724+0000] {logging_mixin.py:188} INFO - Uploaded /tmp/minio_downloads/1760977120.json to Snowflake stage
[2025-10-20T19:02:24.899+0000] {logging_mixin.py:188} INFO - Uploaded /tmp/minio_downloads/1760977128.json to Snowflake stage
[2025-10-20T19:02:25.051+0000] {logging_mixin.py:188} INFO - Uploaded /tmp/minio_downloads/1760977135.json to Snowflake stage
[2025-10-20T19:02:25.183+0000] {logging_mixin.py:188} INFO - Uploaded /tmp/minio_downloads/1760977142.json to Snowflake stage
[2025-10-20T19:02:25.313+0000] {logging_mixin.py:188} INFO - Uploaded /tmp/minio_downloads/1760977150.json to Snowflake stage
[2025-10-20T19:02:25.467+0000] {logging_mixin.py:188} INFO - Uploaded /tmp/minio_downloads/1760977159.json to Snowflake stage
[2025-10-20T19:02:25.603+0000] {logging_mixin.py:188} INFO - Uploaded /tmp/minio_downloads/1760977167.json to Snowflake stage
[2025-10-20T19:02:25.740+0000] {logging_mixin.py:188} INFO - Uploaded /tmp/minio_downloads/1760977174.json to Snowflake stage
[2025-10-20T19:02:25.878+0000] {logging_mixin.py:188} INFO - Uploaded /tmp/minio_downloads/1760977181.json to Snowflake stage
[2025-10-20T19:02:26.036+0000] {logging_mixin.py:188} INFO - Uploaded /tmp/minio_downloads/1760977188.json to Snowflake stage
[2025-10-20T19:02:26.179+0000] {logging_mixin.py:188} INFO - Uploaded /tmp/minio_downloads/1760977196.json to Snowflake stage
[2025-10-20T19:02:26.733+0000] {logging_mixin.py:188} INFO - Uploaded /tmp/minio_downloads/1760977203.json to Snowflake stage
[2025-10-20T19:02:26.876+0000] {logging_mixin.py:188} INFO - Uploaded /tmp/minio_downloads/1760977211.json to Snowflake stage
[2025-10-20T19:02:27.000+0000] {logging_mixin.py:188} INFO - Uploaded /tmp/minio_downloads/1760977218.json to Snowflake stage
[2025-10-20T19:02:27.133+0000] {logging_mixin.py:188} INFO - Uploaded /tmp/minio_downloads/1760977225.json to Snowflake stage
[2025-10-20T19:02:27.266+0000] {logging_mixin.py:188} INFO - Uploaded /tmp/minio_downloads/1760977232.json to Snowflake stage
[2025-10-20T19:02:27.417+0000] {logging_mixin.py:188} INFO - Uploaded /tmp/minio_downloads/1760977241.json to Snowflake stage
[2025-10-20T19:02:27.720+0000] {logging_mixin.py:188} INFO - Uploaded /tmp/minio_downloads/1760977248.json to Snowflake stage
[2025-10-20T19:02:27.874+0000] {logging_mixin.py:188} INFO - Uploaded /tmp/minio_downloads/1760977255.json to Snowflake stage
[2025-10-20T19:02:28.010+0000] {logging_mixin.py:188} INFO - Uploaded /tmp/minio_downloads/1760977262.json to Snowflake stage
[2025-10-20T19:02:28.147+0000] {logging_mixin.py:188} INFO - Uploaded /tmp/minio_downloads/1760977270.json to Snowflake stage
[2025-10-20T19:02:28.284+0000] {logging_mixin.py:188} INFO - Uploaded /tmp/minio_downloads/1760977278.json to Snowflake stage
[2025-10-20T19:02:28.469+0000] {logging_mixin.py:188} INFO - Uploaded /tmp/minio_downloads/1760977285.json to Snowflake stage
[2025-10-20T19:02:28.598+0000] {logging_mixin.py:188} INFO - Uploaded /tmp/minio_downloads/1760977292.json to Snowflake stage
[2025-10-20T19:02:28.728+0000] {logging_mixin.py:188} INFO - Uploaded /tmp/minio_downloads/1760977299.json to Snowflake stage
[2025-10-20T19:02:28.919+0000] {logging_mixin.py:188} INFO - Uploaded /tmp/minio_downloads/1760977307.json to Snowflake stage
[2025-10-20T19:02:29.115+0000] {logging_mixin.py:188} INFO - Uploaded /tmp/minio_downloads/1760977315.json to Snowflake stage
[2025-10-20T19:02:29.229+0000] {logging_mixin.py:188} INFO - Uploaded /tmp/minio_downloads/1760977322.json to Snowflake stage
[2025-10-20T19:02:29.356+0000] {logging_mixin.py:188} INFO - Uploaded /tmp/minio_downloads/1760977331.json to Snowflake stage
[2025-10-20T19:02:29.501+0000] {logging_mixin.py:188} INFO - Uploaded /tmp/minio_downloads/1760977338.json to Snowflake stage
[2025-10-20T19:02:29.653+0000] {logging_mixin.py:188} INFO - Uploaded /tmp/minio_downloads/1760977345.json to Snowflake stage
[2025-10-20T19:02:29.808+0000] {logging_mixin.py:188} INFO - Uploaded /tmp/minio_downloads/1760977352.json to Snowflake stage
[2025-10-20T19:02:29.978+0000] {logging_mixin.py:188} INFO - Uploaded /tmp/minio_downloads/1760977359.json to Snowflake stage
[2025-10-20T19:02:30.123+0000] {logging_mixin.py:188} INFO - Uploaded /tmp/minio_downloads/1760977366.json to Snowflake stage
[2025-10-20T19:02:30.269+0000] {logging_mixin.py:188} INFO - Uploaded /tmp/minio_downloads/1760977375.json to Snowflake stage
[2025-10-20T19:02:30.408+0000] {logging_mixin.py:188} INFO - Uploaded /tmp/minio_downloads/1760977382.json to Snowflake stage
[2025-10-20T19:02:30.559+0000] {logging_mixin.py:188} INFO - Uploaded /tmp/minio_downloads/1760977389.json to Snowflake stage
[2025-10-20T19:02:30.675+0000] {logging_mixin.py:188} INFO - Uploaded /tmp/minio_downloads/1760977397.json to Snowflake stage
[2025-10-20T19:02:30.802+0000] {logging_mixin.py:188} INFO - Uploaded /tmp/minio_downloads/1760977406.json to Snowflake stage
[2025-10-20T19:02:30.937+0000] {logging_mixin.py:188} INFO - Uploaded /tmp/minio_downloads/1760977415.json to Snowflake stage
[2025-10-20T19:02:31.062+0000] {logging_mixin.py:188} INFO - Uploaded /tmp/minio_downloads/1760977422.json to Snowflake stage
[2025-10-20T19:02:31.200+0000] {logging_mixin.py:188} INFO - Uploaded /tmp/minio_downloads/1760977429.json to Snowflake stage
[2025-10-20T19:02:31.364+0000] {logging_mixin.py:188} INFO - Uploaded /tmp/minio_downloads/1760977437.json to Snowflake stage
[2025-10-20T19:02:31.513+0000] {logging_mixin.py:188} INFO - Uploaded /tmp/minio_downloads/1760977444.json to Snowflake stage
[2025-10-20T19:02:31.649+0000] {logging_mixin.py:188} INFO - Uploaded /tmp/minio_downloads/1760977451.json to Snowflake stage
[2025-10-20T19:02:31.774+0000] {logging_mixin.py:188} INFO - Uploaded /tmp/minio_downloads/1760977459.json to Snowflake stage
[2025-10-20T19:02:31.921+0000] {logging_mixin.py:188} INFO - Uploaded /tmp/minio_downloads/1760977466.json to Snowflake stage
[2025-10-20T19:02:32.061+0000] {logging_mixin.py:188} INFO - Uploaded /tmp/minio_downloads/1760977473.json to Snowflake stage
[2025-10-20T19:02:32.180+0000] {logging_mixin.py:188} INFO - Uploaded /tmp/minio_downloads/1760977480.json to Snowflake stage
[2025-10-20T19:02:32.325+0000] {logging_mixin.py:188} INFO - Uploaded /tmp/minio_downloads/1760977487.json to Snowflake stage
[2025-10-20T19:02:32.505+0000] {logging_mixin.py:188} INFO - Uploaded /tmp/minio_downloads/1760977494.json to Snowflake stage
[2025-10-20T19:02:32.633+0000] {logging_mixin.py:188} INFO - Uploaded /tmp/minio_downloads/1760977501.json to Snowflake stage
[2025-10-20T19:02:32.798+0000] {logging_mixin.py:188} INFO - Uploaded /tmp/minio_downloads/1760977509.json to Snowflake stage
[2025-10-20T19:02:33.007+0000] {logging_mixin.py:188} INFO - Uploaded /tmp/minio_downloads/1760977516.json to Snowflake stage
[2025-10-20T19:02:33.224+0000] {logging_mixin.py:188} INFO - Uploaded /tmp/minio_downloads/1760977523.json to Snowflake stage
[2025-10-20T19:02:33.663+0000] {logging_mixin.py:188} INFO - Uploaded /tmp/minio_downloads/1760977531.json to Snowflake stage
[2025-10-20T19:02:33.889+0000] {logging_mixin.py:188} INFO - Uploaded /tmp/minio_downloads/1760977538.json to Snowflake stage
[2025-10-20T19:02:34.135+0000] {logging_mixin.py:188} INFO - Uploaded /tmp/minio_downloads/1760977545.json to Snowflake stage
[2025-10-20T19:02:34.272+0000] {logging_mixin.py:188} INFO - Uploaded /tmp/minio_downloads/1760977552.json to Snowflake stage
[2025-10-20T19:02:34.409+0000] {logging_mixin.py:188} INFO - Uploaded /tmp/minio_downloads/1760977560.json to Snowflake stage
[2025-10-20T19:02:34.537+0000] {logging_mixin.py:188} INFO - Uploaded /tmp/minio_downloads/1760977567.json to Snowflake stage
[2025-10-20T19:02:34.674+0000] {logging_mixin.py:188} INFO - Uploaded /tmp/minio_downloads/1760977575.json to Snowflake stage
[2025-10-20T19:02:34.805+0000] {logging_mixin.py:188} INFO - Uploaded /tmp/minio_downloads/1760977584.json to Snowflake stage
[2025-10-20T19:02:34.930+0000] {logging_mixin.py:188} INFO - Uploaded /tmp/minio_downloads/1760977591.json to Snowflake stage
[2025-10-20T19:02:35.102+0000] {logging_mixin.py:188} INFO - Uploaded /tmp/minio_downloads/1760977598.json to Snowflake stage
[2025-10-20T19:02:35.251+0000] {logging_mixin.py:188} INFO - Uploaded /tmp/minio_downloads/1760977605.json to Snowflake stage
[2025-10-20T19:02:35.374+0000] {logging_mixin.py:188} INFO - Uploaded /tmp/minio_downloads/1760977612.json to Snowflake stage
[2025-10-20T19:02:35.498+0000] {logging_mixin.py:188} INFO - Uploaded /tmp/minio_downloads/1760977619.json to Snowflake stage
[2025-10-20T19:02:35.628+0000] {logging_mixin.py:188} INFO - Uploaded /tmp/minio_downloads/1760977626.json to Snowflake stage
[2025-10-20T19:02:35.768+0000] {logging_mixin.py:188} INFO - Uploaded /tmp/minio_downloads/1760977634.json to Snowflake stage
[2025-10-20T19:02:35.902+0000] {logging_mixin.py:188} INFO - Uploaded /tmp/minio_downloads/1760977641.json to Snowflake stage
[2025-10-20T19:02:36.043+0000] {logging_mixin.py:188} INFO - Uploaded /tmp/minio_downloads/1760977649.json to Snowflake stage
[2025-10-20T19:02:36.171+0000] {logging_mixin.py:188} INFO - Uploaded /tmp/minio_downloads/1760977657.json to Snowflake stage
[2025-10-20T19:02:36.334+0000] {logging_mixin.py:188} INFO - Uploaded /tmp/minio_downloads/1760977664.json to Snowflake stage
[2025-10-20T19:02:36.507+0000] {logging_mixin.py:188} INFO - Uploaded /tmp/minio_downloads/1760977671.json to Snowflake stage
[2025-10-20T19:02:36.655+0000] {logging_mixin.py:188} INFO - Uploaded /tmp/minio_downloads/1760977680.json to Snowflake stage
[2025-10-20T19:02:36.820+0000] {logging_mixin.py:188} INFO - Uploaded /tmp/minio_downloads/1760977687.json to Snowflake stage
[2025-10-20T19:02:36.976+0000] {logging_mixin.py:188} INFO - Uploaded /tmp/minio_downloads/1760977694.json to Snowflake stage
[2025-10-20T19:02:37.131+0000] {logging_mixin.py:188} INFO - Uploaded /tmp/minio_downloads/1760977701.json to Snowflake stage
[2025-10-20T19:02:37.287+0000] {logging_mixin.py:188} INFO - Uploaded /tmp/minio_downloads/1760977708.json to Snowflake stage
[2025-10-20T19:02:37.459+0000] {logging_mixin.py:188} INFO - Uploaded /tmp/minio_downloads/1760977717.json to Snowflake stage
[2025-10-20T19:02:37.613+0000] {logging_mixin.py:188} INFO - Uploaded /tmp/minio_downloads/1760977725.json to Snowflake stage
[2025-10-20T19:02:37.737+0000] {logging_mixin.py:188} INFO - Uploaded /tmp/minio_downloads/1760977732.json to Snowflake stage
[2025-10-20T19:02:37.855+0000] {logging_mixin.py:188} INFO - Uploaded /tmp/minio_downloads/1760977739.json to Snowflake stage
[2025-10-20T19:02:38.049+0000] {logging_mixin.py:188} INFO - Uploaded /tmp/minio_downloads/1760977746.json to Snowflake stage
[2025-10-20T19:02:38.179+0000] {logging_mixin.py:188} INFO - Uploaded /tmp/minio_downloads/1760977753.json to Snowflake stage
[2025-10-20T19:02:38.298+0000] {logging_mixin.py:188} INFO - Uploaded /tmp/minio_downloads/1760977760.json to Snowflake stage
[2025-10-20T19:02:38.416+0000] {logging_mixin.py:188} INFO - Uploaded /tmp/minio_downloads/1760977767.json to Snowflake stage
[2025-10-20T19:02:38.578+0000] {logging_mixin.py:188} INFO - Uploaded /tmp/minio_downloads/1760977775.json to Snowflake stage
[2025-10-20T19:02:38.743+0000] {logging_mixin.py:188} INFO - Uploaded /tmp/minio_downloads/1760977782.json to Snowflake stage
[2025-10-20T19:02:38.930+0000] {logging_mixin.py:188} INFO - Uploaded /tmp/minio_downloads/1760977789.json to Snowflake stage
[2025-10-20T19:02:39.105+0000] {logging_mixin.py:188} INFO - Uploaded /tmp/minio_downloads/1760977797.json to Snowflake stage
[2025-10-20T19:02:39.259+0000] {logging_mixin.py:188} INFO - Uploaded /tmp/minio_downloads/1760977804.json to Snowflake stage
[2025-10-20T19:02:39.397+0000] {logging_mixin.py:188} INFO - Uploaded /tmp/minio_downloads/1760977811.json to Snowflake stage
[2025-10-20T19:02:39.607+0000] {logging_mixin.py:188} INFO - Uploaded /tmp/minio_downloads/1760977818.json to Snowflake stage
[2025-10-20T19:02:39.760+0000] {logging_mixin.py:188} INFO - Uploaded /tmp/minio_downloads/1760977825.json to Snowflake stage
[2025-10-20T19:02:39.943+0000] {logging_mixin.py:188} INFO - Uploaded /tmp/minio_downloads/1760977833.json to Snowflake stage
[2025-10-20T19:02:40.122+0000] {logging_mixin.py:188} INFO - Uploaded /tmp/minio_downloads/1760977840.json to Snowflake stage
[2025-10-20T19:02:40.278+0000] {logging_mixin.py:188} INFO - Uploaded /tmp/minio_downloads/1760977847.json to Snowflake stage
[2025-10-20T19:02:40.425+0000] {logging_mixin.py:188} INFO - Uploaded /tmp/minio_downloads/1760977854.json to Snowflake stage
[2025-10-20T19:02:40.579+0000] {logging_mixin.py:188} INFO - Uploaded /tmp/minio_downloads/1760977862.json to Snowflake stage
[2025-10-20T19:02:40.742+0000] {logging_mixin.py:188} INFO - Uploaded /tmp/minio_downloads/1760977870.json to Snowflake stage
[2025-10-20T19:02:40.877+0000] {logging_mixin.py:188} INFO - Uploaded /tmp/minio_downloads/1760977877.json to Snowflake stage
[2025-10-20T19:02:41.065+0000] {logging_mixin.py:188} INFO - Uploaded /tmp/minio_downloads/1760977884.json to Snowflake stage
[2025-10-20T19:02:41.222+0000] {logging_mixin.py:188} INFO - Uploaded /tmp/minio_downloads/1760977892.json to Snowflake stage
[2025-10-20T19:02:41.424+0000] {logging_mixin.py:188} INFO - Uploaded /tmp/minio_downloads/1760977899.json to Snowflake stage
[2025-10-20T19:02:41.554+0000] {logging_mixin.py:188} INFO - Uploaded /tmp/minio_downloads/1760977906.json to Snowflake stage
[2025-10-20T19:02:41.706+0000] {logging_mixin.py:188} INFO - Uploaded /tmp/minio_downloads/1760977915.json to Snowflake stage
[2025-10-20T19:02:41.856+0000] {logging_mixin.py:188} INFO - Uploaded /tmp/minio_downloads/1760977923.json to Snowflake stage
[2025-10-20T19:02:42.008+0000] {logging_mixin.py:188} INFO - Uploaded /tmp/minio_downloads/1760977930.json to Snowflake stage
[2025-10-20T19:02:42.140+0000] {logging_mixin.py:188} INFO - Uploaded /tmp/minio_downloads/1760977937.json to Snowflake stage
[2025-10-20T19:02:42.290+0000] {logging_mixin.py:188} INFO - Uploaded /tmp/minio_downloads/1760977944.json to Snowflake stage
[2025-10-20T19:02:42.444+0000] {logging_mixin.py:188} INFO - Uploaded /tmp/minio_downloads/1760977953.json to Snowflake stage
[2025-10-20T19:02:42.567+0000] {logging_mixin.py:188} INFO - Uploaded /tmp/minio_downloads/1760977960.json to Snowflake stage
[2025-10-20T19:02:42.739+0000] {logging_mixin.py:188} INFO - Uploaded /tmp/minio_downloads/1760977968.json to Snowflake stage
[2025-10-20T19:02:42.889+0000] {logging_mixin.py:188} INFO - Uploaded /tmp/minio_downloads/1760977975.json to Snowflake stage
[2025-10-20T19:02:43.012+0000] {logging_mixin.py:188} INFO - Uploaded /tmp/minio_downloads/1760977982.json to Snowflake stage
[2025-10-20T19:02:43.146+0000] {logging_mixin.py:188} INFO - Uploaded /tmp/minio_downloads/1760977989.json to Snowflake stage
[2025-10-20T19:02:43.271+0000] {logging_mixin.py:188} INFO - Uploaded /tmp/minio_downloads/1760977997.json to Snowflake stage
[2025-10-20T19:02:43.425+0000] {logging_mixin.py:188} INFO - Uploaded /tmp/minio_downloads/1760978004.json to Snowflake stage
[2025-10-20T19:02:43.555+0000] {logging_mixin.py:188} INFO - Uploaded /tmp/minio_downloads/1760978011.json to Snowflake stage
[2025-10-20T19:02:43.722+0000] {logging_mixin.py:188} INFO - Uploaded /tmp/minio_downloads/1760978018.json to Snowflake stage
[2025-10-20T19:02:43.862+0000] {logging_mixin.py:188} INFO - Uploaded /tmp/minio_downloads/1760978026.json to Snowflake stage
[2025-10-20T19:02:44.058+0000] {logging_mixin.py:188} INFO - Uploaded /tmp/minio_downloads/1760978033.json to Snowflake stage
[2025-10-20T19:02:44.217+0000] {logging_mixin.py:188} INFO - Uploaded /tmp/minio_downloads/1760978040.json to Snowflake stage
[2025-10-20T19:02:44.371+0000] {logging_mixin.py:188} INFO - Uploaded /tmp/minio_downloads/1760978047.json to Snowflake stage
[2025-10-20T19:02:44.513+0000] {logging_mixin.py:188} INFO - Uploaded /tmp/minio_downloads/1760978054.json to Snowflake stage
[2025-10-20T19:02:44.668+0000] {logging_mixin.py:188} INFO - Uploaded /tmp/minio_downloads/1760978061.json to Snowflake stage
[2025-10-20T19:02:44.835+0000] {logging_mixin.py:188} INFO - Uploaded /tmp/minio_downloads/1760978069.json to Snowflake stage
[2025-10-20T19:02:44.986+0000] {logging_mixin.py:188} INFO - Uploaded /tmp/minio_downloads/1760978076.json to Snowflake stage
[2025-10-20T19:02:45.118+0000] {logging_mixin.py:188} INFO - Uploaded /tmp/minio_downloads/1760978083.json to Snowflake stage
[2025-10-20T19:02:45.560+0000] {logging_mixin.py:188} INFO - Uploaded /tmp/minio_downloads/1760978090.json to Snowflake stage
[2025-10-20T19:02:45.701+0000] {logging_mixin.py:188} INFO - Uploaded /tmp/minio_downloads/1760978098.json to Snowflake stage
[2025-10-20T19:02:45.831+0000] {logging_mixin.py:188} INFO - Uploaded /tmp/minio_downloads/1760978105.json to Snowflake stage
[2025-10-20T19:02:45.955+0000] {logging_mixin.py:188} INFO - Uploaded /tmp/minio_downloads/1760978112.json to Snowflake stage
[2025-10-20T19:02:46.114+0000] {logging_mixin.py:188} INFO - Uploaded /tmp/minio_downloads/1760978119.json to Snowflake stage
[2025-10-20T19:02:46.260+0000] {logging_mixin.py:188} INFO - Uploaded /tmp/minio_downloads/1760978126.json to Snowflake stage
[2025-10-20T19:02:46.386+0000] {logging_mixin.py:188} INFO - Uploaded /tmp/minio_downloads/1760978134.json to Snowflake stage
[2025-10-20T19:02:46.541+0000] {logging_mixin.py:188} INFO - Uploaded /tmp/minio_downloads/1760978141.json to Snowflake stage
[2025-10-20T19:02:46.836+0000] {logging_mixin.py:188} INFO - Uploaded /tmp/minio_downloads/1760978148.json to Snowflake stage
[2025-10-20T19:02:47.101+0000] {logging_mixin.py:188} INFO - Uploaded /tmp/minio_downloads/1760978155.json to Snowflake stage
[2025-10-20T19:02:47.240+0000] {logging_mixin.py:188} INFO - Uploaded /tmp/minio_downloads/1760978163.json to Snowflake stage
[2025-10-20T19:02:47.385+0000] {logging_mixin.py:188} INFO - Uploaded /tmp/minio_downloads/1760978170.json to Snowflake stage
[2025-10-20T19:02:47.552+0000] {logging_mixin.py:188} INFO - Uploaded /tmp/minio_downloads/1760978177.json to Snowflake stage
[2025-10-20T19:02:47.832+0000] {logging_mixin.py:188} INFO - Uploaded /tmp/minio_downloads/1760978184.json to Snowflake stage
[2025-10-20T19:02:47.990+0000] {logging_mixin.py:188} INFO - Uploaded /tmp/minio_downloads/1760978191.json to Snowflake stage
[2025-10-20T19:02:48.149+0000] {logging_mixin.py:188} INFO - Uploaded /tmp/minio_downloads/1760978199.json to Snowflake stage
[2025-10-20T19:02:48.310+0000] {logging_mixin.py:188} INFO - Uploaded /tmp/minio_downloads/1760978206.json to Snowflake stage
[2025-10-20T19:02:48.440+0000] {logging_mixin.py:188} INFO - Uploaded /tmp/minio_downloads/1760978213.json to Snowflake stage
[2025-10-20T19:02:48.590+0000] {logging_mixin.py:188} INFO - Uploaded /tmp/minio_downloads/1760978220.json to Snowflake stage
[2025-10-20T19:02:48.774+0000] {logging_mixin.py:188} INFO - Uploaded /tmp/minio_downloads/1760978228.json to Snowflake stage
[2025-10-20T19:02:48.890+0000] {logging_mixin.py:188} INFO - Uploaded /tmp/minio_downloads/1760978235.json to Snowflake stage
[2025-10-20T19:02:49.002+0000] {logging_mixin.py:188} INFO - Uploaded /tmp/minio_downloads/1760978243.json to Snowflake stage
[2025-10-20T19:02:49.150+0000] {logging_mixin.py:188} INFO - Uploaded /tmp/minio_downloads/1760978250.json to Snowflake stage
[2025-10-20T19:02:49.271+0000] {logging_mixin.py:188} INFO - Uploaded /tmp/minio_downloads/1760978257.json to Snowflake stage
[2025-10-20T19:02:49.404+0000] {logging_mixin.py:188} INFO - Uploaded /tmp/minio_downloads/1760978264.json to Snowflake stage
[2025-10-20T19:02:49.527+0000] {logging_mixin.py:188} INFO - Uploaded /tmp/minio_downloads/1760978271.json to Snowflake stage
[2025-10-20T19:02:49.698+0000] {logging_mixin.py:188} INFO - Uploaded /tmp/minio_downloads/1760978279.json to Snowflake stage
[2025-10-20T19:02:49.859+0000] {logging_mixin.py:188} INFO - Uploaded /tmp/minio_downloads/1760978286.json to Snowflake stage
[2025-10-20T19:02:49.981+0000] {logging_mixin.py:188} INFO - Uploaded /tmp/minio_downloads/1760978293.json to Snowflake stage
[2025-10-20T19:02:50.149+0000] {logging_mixin.py:188} INFO - Uploaded /tmp/minio_downloads/1760978301.json to Snowflake stage
[2025-10-20T19:02:50.298+0000] {logging_mixin.py:188} INFO - Uploaded /tmp/minio_downloads/1760978308.json to Snowflake stage
[2025-10-20T19:02:50.454+0000] {logging_mixin.py:188} INFO - Uploaded /tmp/minio_downloads/1760978315.json to Snowflake stage
[2025-10-20T19:02:50.586+0000] {local_task_job_runner.py:313} WARNING - State of this instance has been externally set to failed. Terminating instance.
[2025-10-20T19:02:50.590+0000] {local_task_job_runner.py:222} INFO - ::endgroup::
[2025-10-20T19:02:50.591+0000] {process_utils.py:132} INFO - Sending 15 to group 31426. PIDs of all processes in the group: [31426]
[2025-10-20T19:02:50.592+0000] {process_utils.py:87} INFO - Sending the signal 15 to group 31426
[2025-10-20T19:02:50.592+0000] {taskinstance.py:2611} ERROR - Received SIGTERM. Terminating subprocesses.
[2025-10-20T19:02:50.593+0000] {taskinstance.py:441} INFO - ::group::Post task execution logs
[2025-10-20T19:02:50.628+0000] {process_utils.py:80} INFO - Process psutil.Process(pid=31426, status='terminated', exitcode=0, started='19:02:04') (31426) terminated with exit code 0
